Release 9.1i Map J.30
Xilinx Mapping Report File for Design 'jop'

Design Information
------------------
Command Line   : C:\Xilinx91i\bin\nt\map.exe -ise
C:/David/jop3_ham_crc/jop/xilinx/ml403/jop.ise -intstyle ise -p
xc4vfx12-ff668-10 -cm area -pr b -k 4 -c 100 -o jop_map.ncd jop.ngd jop.pcf 
Target Device  : xc4vfx12
Target Package : ff668
Target Speed   : -10
Mapper Version : virtex4 -- $Revision: 1.36 $
Mapped Date    : Thu Apr 23 11:05:30 2009

Design Summary
--------------
Number of errors:      1
Number of warnings:    3
Logic Utilization:
  Total Number Slice Registers:     9,605 out of  10,944   87%
    Number used as Flip Flops:                 1,347
    Number used as Latches:                    8,258
  Number of 4 input LUTs:           8,052 out of  10,944   73%
Logic Distribution:
  Number of occupied Slices:                        7,617 out of   5,472  139%
(OVERMAPPED)
    Number of Slices containing only related logic:   6,805 out of   7,617   89%
    Number of Slices containing unrelated logic:        812 out of   7,617   10%
      *See NOTES below for an explanation of the effects of unrelated logic
Total Number of 4 input LUTs:          8,180 out of  10,944   74%
  Number used as logic:              8,052
  Number used as a route-thru:         127
  Number used as Shift registers:        1
  Number of bonded IOBs:               69 out of     320   21%
  Number of BUFG/BUFGCTRLs:             4 out of      32   12%
    Number used as BUFGs:                4
    Number used as BUFGCTRLs:            0
  Number of FIFO16/RAMB16s:             4 out of      36   11%
    Number used as FIFO16s:              0
    Number used as RAMB16s:              4

Total equivalent gate count for design:  379,819
Additional JTAG gate count for IOBs:  3,312
Peak Memory Usage:  343 MB
Total REAL time to MAP completion:  1 mins 30 secs 
Total CPU time to MAP completion:   1 mins 29 secs 

NOTES:

   Related logic is defined as being logic that shares connectivity - e.g. two
   LUTs are "related" if they share common inputs.  When assembling slices,
   Map gives priority to combine logic that is related.  Doing so results in
   the best timing performance.

   Unrelated logic shares no connectivity.  Map will only begin packing
   unrelated logic into a slice once 99% of the slices are occupied through
   related logic packing.

   Note that once logic distribution reaches the 99% level through related
   logic packing, this does not mean the device is completely utilized.
   Unrelated logic packing will then begin, continuing until all usable LUTs
   and FFs are occupied.  Depending on your timing budget, increased levels of
   unrelated logic packing may adversely affect the overall timing performance
   of your design.

Table of Contents
-----------------
Section 1 - Errors
Section 2 - Warnings
Section 3 - Informational
Section 4 - Removed Logic Summary
Section 5 - Removed Logic
Section 6 - IOB Properties
Section 7 - RPMs
Section 8 - Guide Report
Section 9 - Area Group and Partition Summary
Section 10 - Modular Design Summary
Section 11 - Timing Report
Section 12 - Configuration String Information

Section 1 - Errors
------------------
ERROR:Pack:18 - The design is too large for the given device and package. 
   Please check the Design Summary section to see which resource requirement for
   your design exceeds the resources available in the device.

   If the slice count exceeds device resources you might try to disable register
   ordering (-r).  Also if your design contains AREA_GROUPs, you may be able to
   improve density by adding COMPRESSION to your AREA_GROUPs if you haven't done
   so already.

   NOTE: An NCD file will still be generated to allow you to examine the mapped
   design.  This file is intended for evaluation use only, and will not process
   successfully through PAR.

   This mapped NCD file can be used to evaluate how the design's logic has been
   mapped into FPGA logic resources.  It can also be used to analyze
   preliminary, logic-level (pre-route) timing with one of the Xilinx static
   timing analysis tools (TRCE or Timing Analyzer).

Section 2 - Warnings
--------------------
WARNING:LIT:243 - Logical network sram_cen_test has no load.
WARNING:LIT:176 - Clock buffer is designated to drive clock loads. BUFG symbol
   "clk2_BUFG" (output signal=clk2) has a mix of clock and non-clock loads. The
   non-clock loads are:
   Pin I0 of
   physical_group_cpm_cpu_cmp_core_cmp_stk_cmp_ram_cmp_xram_block_not0000/cpm_cp
   u_cmp_core_cmp_stk_cmp_ram_cmp_xram_block_not00001_INV_0
   Pin I0 of
   physical_group_cpm_cpu_cmp_core_cmp_stk_cmp_ram_cmp_xram_block_not0000/cpm_cp
   u_cmp_core_cmp_stk_cmp_ram_cmp_xram_block_not00001_INV_0_split_0
   Pin I0 of
   physical_group_cpm_cpu_cmp_core_cmp_stk_cmp_ram_cmp_xram_block_not0000/cpm_cp
   u_cmp_core_cmp_stk_cmp_ram_cmp_xram_block_not00001_INV_0_split_1
WARNING:PhysDesignRules:372 - Gated clock. Clock net cpm_cpu_cmp_mem_rd_cache is
   sourced by a combinatorial pin. This is not good design practice. Use the CE
   pin to control the loading of data into the flip-flop.

Section 3 - Informational
-------------------------
INFO:MapLib:562 - No environment variables are currently set.

Section 4 - Removed Logic Summary
---------------------------------
   2 block(s) optimized away

Section 5 - Removed Logic
-------------------------

Optimized Block(s):
TYPE 		BLOCK
GND 		XST_GND
VCC 		XST_VCC

To enable printing of redundant blocks removed and signals merged, set the
detailed map report option and rerun map.

Section 6 - IOB Properties
--------------------------

+----------------------------------------------------------------------------------------------------------------------------------------+
| IOB Name                           | Type             | Direction | IO Standard | Drive    | Slew | Reg (s)      | Resistor | IOB      |
|                                    |                  |           |             | Strength | Rate |              |          | Delay    |
+----------------------------------------------------------------------------------------------------------------------------------------+
| clk                                | IOB              | INPUT     | LVCMOS25    |          |      |              |          |          |
| ser_rxd                            | IOB              | INPUT     | LVCMOS33    |          |      |              |          |          |
| ser_txd                            | IOB              | OUTPUT    | LVCMOS33    | 12       | SLOW | OFF1         |          |          |
| sram_addr<0>                       | IOB              | OUTPUT    | LVDCI_33    |          |      | OFF1         |          |          |
| sram_addr<1>                       | IOB              | OUTPUT    | LVDCI_33    |          |      | OFF1         |          |          |
| sram_addr<2>                       | IOB              | OUTPUT    | LVDCI_33    |          |      | OFF1         |          |          |
| sram_addr<3>                       | IOB              | OUTPUT    | LVDCI_33    |          |      | OFF1         |          |          |
| sram_addr<4>                       | IOB              | OUTPUT    | LVDCI_33    |          |      | OFF1         |          |          |
| sram_addr<5>                       | IOB              | OUTPUT    | LVDCI_33    |          |      | OFF1         |          |          |
| sram_addr<6>                       | IOB              | OUTPUT    | LVDCI_33    |          |      | OFF1         |          |          |
| sram_addr<7>                       | IOB              | OUTPUT    | LVDCI_33    |          |      | OFF1         |          |          |
| sram_addr<8>                       | IOB              | OUTPUT    | LVDCI_33    |          |      | OFF1         |          |          |
| sram_addr<9>                       | IOB              | OUTPUT    | LVDCI_33    |          |      | OFF1         |          |          |
| sram_addr<10>                      | IOB              | OUTPUT    | LVDCI_33    |          |      | OFF1         |          |          |
| sram_addr<11>                      | IOB              | OUTPUT    | LVDCI_33    |          |      | OFF1         |          |          |
| sram_addr<12>                      | IOB              | OUTPUT    | LVDCI_33    |          |      | OFF1         |          |          |
| sram_addr<13>                      | IOB              | OUTPUT    | LVDCI_33    |          |      | OFF1         |          |          |
| sram_addr<14>                      | IOB              | OUTPUT    | LVDCI_33    |          |      | OFF1         |          |          |
| sram_addr<15>                      | IOB              | OUTPUT    | LVDCI_33    |          |      | OFF1         |          |          |
| sram_addr<16>                      | IOB              | OUTPUT    | LVDCI_33    |          |      | OFF1         |          |          |
| sram_addr<17>                      | IOB              | OUTPUT    | LVDCI_33    |          |      | OFF1         |          |          |
| sram_addr<18>                      | IOB              | OUTPUT    | LVDCI_33    |          |      |              |          |          |
| sram_addr<19>                      | IOB              | OUTPUT    | LVDCI_33    |          |      |              |          |          |
| sram_addr<20>                      | IOB              | OUTPUT    | LVDCI_33    |          |      |              |          |          |
| sram_adv_ld_n                      | IOB              | OUTPUT    | LVDCI_33    |          |      |              |          |          |
| sram_bw0                           | IOB              | OUTPUT    | LVDCI_33    |          |      |              |          |          |
| sram_bw1                           | IOB              | OUTPUT    | LVDCI_33    |          |      |              |          |          |
| sram_bw2                           | IOB              | OUTPUT    | LVDCI_33    |          |      |              |          |          |
| sram_bw3                           | IOB              | OUTPUT    | LVDCI_33    |          |      |              |          |          |
| sram_cen                           | IOB              | OUTPUT    | LVDCI_33    |          |      |              |          |          |
| sram_clk                           | IOB              | OUTPUT    | LVCMOS33    | 16       | FAST |              |          |          |
| sram_data<0>                       | IOB              | BIDIR     | LVCMOS33    | 12       | FAST | IFF1         | PULLDOWN |          |
|                                    |                  |           |             |          |      | OFF1         |          |          |
| sram_data<1>                       | IOB              | BIDIR     | LVCMOS33    | 12       | FAST | IFF1         | PULLDOWN |          |
|                                    |                  |           |             |          |      | OFF1         |          |          |
| sram_data<2>                       | IOB              | BIDIR     | LVCMOS33    | 12       | FAST | IFF1         | PULLDOWN |          |
|                                    |                  |           |             |          |      | OFF1         |          |          |
| sram_data<3>                       | IOB              | BIDIR     | LVCMOS33    | 12       | FAST | IFF1         | PULLDOWN |          |
|                                    |                  |           |             |          |      | OFF1         |          |          |
| sram_data<4>                       | IOB              | BIDIR     | LVCMOS33    | 12       | FAST | IFF1         | PULLDOWN |          |
|                                    |                  |           |             |          |      | OFF1         |          |          |
| sram_data<5>                       | IOB              | BIDIR     | LVCMOS33    | 12       | FAST | IFF1         | PULLDOWN |          |
|                                    |                  |           |             |          |      | OFF1         |          |          |
| sram_data<6>                       | IOB              | BIDIR     | LVCMOS33    | 12       | FAST | IFF1         | PULLDOWN |          |
|                                    |                  |           |             |          |      | OFF1         |          |          |
| sram_data<7>                       | IOB              | BIDIR     | LVCMOS33    | 12       | FAST | IFF1         | PULLDOWN |          |
|                                    |                  |           |             |          |      | OFF1         |          |          |
| sram_data<8>                       | IOB              | BIDIR     | LVCMOS33    | 12       | FAST | IFF1         | PULLDOWN |          |
|                                    |                  |           |             |          |      | OFF1         |          |          |
| sram_data<9>                       | IOB              | BIDIR     | LVCMOS33    | 12       | FAST | IFF1         | PULLDOWN |          |
|                                    |                  |           |             |          |      | OFF1         |          |          |
| sram_data<10>                      | IOB              | BIDIR     | LVCMOS33    | 12       | FAST | IFF1         | PULLDOWN |          |
|                                    |                  |           |             |          |      | OFF1         |          |          |
| sram_data<11>                      | IOB              | BIDIR     | LVCMOS33    | 12       | FAST | IFF1         | PULLDOWN |          |
|                                    |                  |           |             |          |      | OFF1         |          |          |
| sram_data<12>                      | IOB              | BIDIR     | LVCMOS33    | 12       | FAST | IFF1         | PULLDOWN |          |
|                                    |                  |           |             |          |      | OFF1         |          |          |
| sram_data<13>                      | IOB              | BIDIR     | LVCMOS33    | 12       | FAST | IFF1         | PULLDOWN |          |
|                                    |                  |           |             |          |      | OFF1         |          |          |
| sram_data<14>                      | IOB              | BIDIR     | LVCMOS33    | 12       | FAST | IFF1         | PULLDOWN |          |
|                                    |                  |           |             |          |      | OFF1         |          |          |
| sram_data<15>                      | IOB              | BIDIR     | LVCMOS33    | 12       | FAST | IFF1         | PULLDOWN |          |
|                                    |                  |           |             |          |      | OFF1         |          |          |
| sram_data<16>                      | IOB              | BIDIR     | LVCMOS33    | 12       | FAST | IFF1         | PULLDOWN |          |
|                                    |                  |           |             |          |      | OFF1         |          |          |
| sram_data<17>                      | IOB              | BIDIR     | LVCMOS33    | 12       | FAST | IFF1         | PULLDOWN |          |
|                                    |                  |           |             |          |      | OFF1         |          |          |
| sram_data<18>                      | IOB              | BIDIR     | LVCMOS33    | 12       | FAST | IFF1         | PULLDOWN |          |
|                                    |                  |           |             |          |      | OFF1         |          |          |
| sram_data<19>                      | IOB              | BIDIR     | LVCMOS33    | 12       | FAST | IFF1         | PULLDOWN |          |
|                                    |                  |           |             |          |      | OFF1         |          |          |
| sram_data<20>                      | IOB              | BIDIR     | LVCMOS33    | 12       | FAST | IFF1         | PULLDOWN |          |
|                                    |                  |           |             |          |      | OFF1         |          |          |
| sram_data<21>                      | IOB              | BIDIR     | LVCMOS33    | 12       | FAST | IFF1         | PULLDOWN |          |
|                                    |                  |           |             |          |      | OFF1         |          |          |
| sram_data<22>                      | IOB              | BIDIR     | LVCMOS33    | 12       | FAST | IFF1         | PULLDOWN |          |
|                                    |                  |           |             |          |      | OFF1         |          |          |
| sram_data<23>                      | IOB              | BIDIR     | LVCMOS33    | 12       | FAST | IFF1         | PULLDOWN |          |
|                                    |                  |           |             |          |      | OFF1         |          |          |
| sram_data<24>                      | IOB              | BIDIR     | LVCMOS33    | 12       | FAST | IFF1         | PULLDOWN |          |
|                                    |                  |           |             |          |      | OFF1         |          |          |
| sram_data<25>                      | IOB              | BIDIR     | LVCMOS33    | 12       | FAST | IFF1         | PULLDOWN |          |
|                                    |                  |           |             |          |      | OFF1         |          |          |
| sram_data<26>                      | IOB              | BIDIR     | LVCMOS33    | 12       | FAST | IFF1         | PULLDOWN |          |
|                                    |                  |           |             |          |      | OFF1         |          |          |
| sram_data<27>                      | IOB              | BIDIR     | LVCMOS33    | 12       | FAST | IFF1         | PULLDOWN |          |
|                                    |                  |           |             |          |      | OFF1         |          |          |
| sram_data<28>                      | IOB              | BIDIR     | LVCMOS33    | 12       | FAST | IFF1         | PULLDOWN |          |
|                                    |                  |           |             |          |      | OFF1         |          |          |
| sram_data<29>                      | IOB              | BIDIR     | LVCMOS33    | 12       | FAST | IFF1         | PULLDOWN |          |
|                                    |                  |           |             |          |      | OFF1         |          |          |
| sram_data<30>                      | IOB              | BIDIR     | LVCMOS33    | 12       | FAST | IFF1         | PULLDOWN |          |
|                                    |                  |           |             |          |      | OFF1         |          |          |
| sram_data<31>                      | IOB              | BIDIR     | LVCMOS33    | 12       | FAST | IFF1         | PULLDOWN |          |
|                                    |                  |           |             |          |      | OFF1         |          |          |
| sram_feedback_clk                  | IOB              | OUTPUT    | LVCMOS25    | 12       | SLOW |              |          |          |
| sram_mode                          | IOB              | OUTPUT    | LVCMOS25    | 12       | SLOW |              |          |          |
| sram_oe_n                          | IOB              | OUTPUT    | LVDCI_33    |          |      | OFF1         |          |          |
| sram_we_n                          | IOB              | OUTPUT    | LVDCI_33    |          |      | OFF1         |          |          |
| sram_zz                            | IOB              | OUTPUT    | LVCMOS25    | 12       | SLOW |              |          |          |
| wd                                 | IOB              | OUTPUT    | LVCMOS25    | 12       | SLOW | OFF1         |          |          |
+----------------------------------------------------------------------------------------------------------------------------------------+

Section 7 - RPMs
----------------

Section 8 - Guide Report
------------------------
Guide not run on this design.

Section 9 - Area Group and Partition Summary
--------------------------------------------

Partition Implementation Status
-------------------------------

  No Partitions were found in this design.

-------------------------------

Area Group Information
----------------------

  No area groups were found in this design.


----------------------

Section 10 - Modular Design Summary
-----------------------------------
Modular Design not used for this design.

Section 11 - Timing Report
--------------------------
This design was not run using timing mode.

Section 12 - Configuration String Details
-----------------------------------------
Use the "-detail" map option to print out Configuration Strings
